<?xml version="1.0" encoding="UTF-8"?>
<testsuite name="runner.runner" tests="0" skipped="0" failures="0" errors="0" timestamp="1970-01-01T00:00:00" hostname="DESKTOP-UNH4CVB" time="0.0">
  <properties/>
  <system-out><![CDATA[]]></system-out>
  <system-err><![CDATA[????????????????????????????????????????????????????????????????????????????
? View your Cucumber Report at:                                            ?
? https://reports.cucumber.io/reports/5f28f5b6-c6f0-4ac2-b211-bb6519409e0d ?
?                                                                          ?
? This report will self-destruct in 24h.                                   ?
? Keep reports forever: https://reports.cucumber.io/profile                ?
????????????????????????????????????????????????????????????????????????????]]></system-err>
</testsuite>
